h:\work2022\c++project\结构体案例\结构体案例\x64\debug\vc143.pdb
h:\work2022\c++project\结构体案例\结构体案例\x64\debug\vc143.idb
h:\work2022\c++project\结构体案例\结构体案例\x64\debug\struct_use_const.obj
h:\work2022\c++project\结构体案例\结构体案例\x64\debug\struct_案例.obj
h:\work2022\c++project\结构体案例\x64\debug\结构体案例.pdb
h:\work2022\c++project\结构体案例\结构体案例\x64\debug\结构体案例.tlog\cl.command.1.tlog
h:\work2022\c++project\结构体案例\结构体案例\x64\debug\结构体案例.tlog\cl.read.1.tlog
h:\work2022\c++project\结构体案例\结构体案例\x64\debug\结构体案例.tlog\cl.write.1.tlog
h:\work2022\c++project\结构体案例\结构体案例\x64\debug\结构体案例.tlog\link-cvtres.read.1.tlog
h:\work2022\c++project\结构体案例\结构体案例\x64\debug\结构体案例.tlog\link-cvtres.write.1.tlog
h:\work2022\c++project\结构体案例\结构体案例\x64\debug\结构体案例.tlog\link-rc.read.1.tlog
h:\work2022\c++project\结构体案例\结构体案例\x64\debug\结构体案例.tlog\link-rc.write.1.tlog
h:\work2022\c++project\结构体案例\结构体案例\x64\debug\结构体案例.tlog\link.8764-cvtres.read.1.tlog
h:\work2022\c++project\结构体案例\结构体案例\x64\debug\结构体案例.tlog\link.8764-cvtres.write.1.tlog
h:\work2022\c++project\结构体案例\结构体案例\x64\debug\结构体案例.tlog\link.8764-rc.read.1.tlog
h:\work2022\c++project\结构体案例\结构体案例\x64\debug\结构体案例.tlog\link.8764-rc.write.1.tlog
h:\work2022\c++project\结构体案例\结构体案例\x64\debug\结构体案例.tlog\link.8764.read.1.tlog
h:\work2022\c++project\结构体案例\结构体案例\x64\debug\结构体案例.tlog\link.8764.read.2.tlog
h:\work2022\c++project\结构体案例\结构体案例\x64\debug\结构体案例.tlog\link.8764.write.1.tlog
h:\work2022\c++project\结构体案例\结构体案例\x64\debug\结构体案例.tlog\link.command.1.tlog
h:\work2022\c++project\结构体案例\结构体案例\x64\debug\结构体案例.tlog\link.read.1.tlog
h:\work2022\c++project\结构体案例\结构体案例\x64\debug\结构体案例.tlog\link.read.2.tlog
h:\work2022\c++project\结构体案例\结构体案例\x64\debug\结构体案例.tlog\link.write.1.tlog
