h:\work2022\c++project\c++对象模型和this指针\c++对象模型和this指针\x64\debug\vc143.pdb
h:\work2022\c++project\c++对象模型和this指针\c++对象模型和this指针\x64\debug\vc143.idb
h:\work2022\c++project\c++对象模型和this指针\c++对象模型和this指针\x64\debug\成员变量和成员函数分开存储.obj
h:\work2022\c++project\c++对象模型和this指针\c++对象模型和this指针\x64\debug\this指针的使用.obj
h:\work2022\c++project\c++对象模型和this指针\x64\debug\c++对象模型和this指针.pdb
h:\work2022\c++project\c++对象模型和this指针\c++对象模型和this指针\x64\debug\c++对象模型和this指针.tlog\cl.command.1.tlog
h:\work2022\c++project\c++对象模型和this指针\c++对象模型和this指针\x64\debug\c++对象模型和this指针.tlog\cl.read.1.tlog
h:\work2022\c++project\c++对象模型和this指针\c++对象模型和this指针\x64\debug\c++对象模型和this指针.tlog\cl.write.1.tlog
h:\work2022\c++project\c++对象模型和this指针\c++对象模型和this指针\x64\debug\c++对象模型和this指针.tlog\link-cvtres.read.1.tlog
h:\work2022\c++project\c++对象模型和this指针\c++对象模型和this指针\x64\debug\c++对象模型和this指针.tlog\link-cvtres.write.1.tlog
h:\work2022\c++project\c++对象模型和this指针\c++对象模型和this指针\x64\debug\c++对象模型和this指针.tlog\link-rc.read.1.tlog
h:\work2022\c++project\c++对象模型和this指针\c++对象模型和this指针\x64\debug\c++对象模型和this指针.tlog\link-rc.write.1.tlog
h:\work2022\c++project\c++对象模型和this指针\c++对象模型和this指针\x64\debug\c++对象模型和this指针.tlog\link.9768-cvtres.read.1.tlog
h:\work2022\c++project\c++对象模型和this指针\c++对象模型和this指针\x64\debug\c++对象模型和this指针.tlog\link.9768-cvtres.write.1.tlog
h:\work2022\c++project\c++对象模型和this指针\c++对象模型和this指针\x64\debug\c++对象模型和this指针.tlog\link.9768-rc.read.1.tlog
h:\work2022\c++project\c++对象模型和this指针\c++对象模型和this指针\x64\debug\c++对象模型和this指针.tlog\link.9768-rc.write.1.tlog
h:\work2022\c++project\c++对象模型和this指针\c++对象模型和this指针\x64\debug\c++对象模型和this指针.tlog\link.9768.read.1.tlog
h:\work2022\c++project\c++对象模型和this指针\c++对象模型和this指针\x64\debug\c++对象模型和this指针.tlog\link.9768.read.2.tlog
h:\work2022\c++project\c++对象模型和this指针\c++对象模型和this指针\x64\debug\c++对象模型和this指针.tlog\link.9768.write.1.tlog
h:\work2022\c++project\c++对象模型和this指针\c++对象模型和this指针\x64\debug\c++对象模型和this指针.tlog\link.command.1.tlog
h:\work2022\c++project\c++对象模型和this指针\c++对象模型和this指针\x64\debug\c++对象模型和this指针.tlog\link.read.1.tlog
h:\work2022\c++project\c++对象模型和this指针\c++对象模型和this指针\x64\debug\c++对象模型和this指针.tlog\link.read.2.tlog
h:\work2022\c++project\c++对象模型和this指针\c++对象模型和this指针\x64\debug\c++对象模型和this指针.tlog\link.write.1.tlog
